2023-05-16 01:55:13,026 - INFO - root - Hello! This is Joey-NMT (version 2.2.0).
2023-05-16 01:55:13,027 - INFO - joeynmt.helpers -                           cfg.name : deen_transformer_pre
2023-05-16 01:55:13,027 - INFO - joeynmt.helpers -                cfg.joeynmt_version : 2.0.0
2023-05-16 01:55:13,027 - INFO - joeynmt.helpers -                     cfg.data.train : data/train
2023-05-16 01:55:13,027 - INFO - joeynmt.helpers -                       cfg.data.dev : data/dev
2023-05-16 01:55:13,027 - INFO - joeynmt.helpers -                      cfg.data.test : data/test
2023-05-16 01:55:13,027 - INFO - joeynmt.helpers -              cfg.data.dataset_type : plain
2023-05-16 01:55:13,027 - INFO - joeynmt.helpers -                  cfg.data.src.lang : de
2023-05-16 01:55:13,027 - INFO - joeynmt.helpers -             cfg.data.src.lowercase : False
2023-05-16 01:55:13,027 - INFO - joeynmt.helpers -                 cfg.data.src.level : bpe
2023-05-16 01:55:13,027 - INFO - joeynmt.helpers -             cfg.data.src.voc_limit : 32000
2023-05-16 01:55:13,027 - INFO - joeynmt.helpers -          cfg.data.src.voc_min_freq : 1
2023-05-16 01:55:13,027 - INFO - joeynmt.helpers -            cfg.data.src.max_length : 100
2023-05-16 01:55:13,027 - INFO - joeynmt.helpers -              cfg.data.src.voc_file : shared_models/joint-vocab.txt
2023-05-16 01:55:13,027 - INFO - joeynmt.helpers -        cfg.data.src.tokenizer_type : subword-nmt
2023-05-16 01:55:13,027 - INFO - joeynmt.helpers - cfg.data.src.tokenizer_cfg.pretokenizer : none
2023-05-16 01:55:13,027 - INFO - joeynmt.helpers - cfg.data.src.tokenizer_cfg.num_merges : 3200
2023-05-16 01:55:13,027 - INFO - joeynmt.helpers -   cfg.data.src.tokenizer_cfg.codes : data/codes3200.bpe
2023-05-16 01:55:13,027 - INFO - joeynmt.helpers -                  cfg.data.trg.lang : en
2023-05-16 01:55:13,027 - INFO - joeynmt.helpers -             cfg.data.trg.lowercase : False
2023-05-16 01:55:13,027 - INFO - joeynmt.helpers -                 cfg.data.trg.level : bpe
2023-05-16 01:55:13,027 - INFO - joeynmt.helpers -             cfg.data.trg.voc_limit : 32000
2023-05-16 01:55:13,028 - INFO - joeynmt.helpers -          cfg.data.trg.voc_min_freq : 1
2023-05-16 01:55:13,028 - INFO - joeynmt.helpers -            cfg.data.trg.max_length : 100
2023-05-16 01:55:13,028 - INFO - joeynmt.helpers -              cfg.data.trg.voc_file : shared_models/joint-vocab.txt
2023-05-16 01:55:13,028 - INFO - joeynmt.helpers -        cfg.data.trg.tokenizer_type : subword-nmt
2023-05-16 01:55:13,028 - INFO - joeynmt.helpers - cfg.data.trg.tokenizer_cfg.pretokenizer : none
2023-05-16 01:55:13,028 - INFO - joeynmt.helpers - cfg.data.trg.tokenizer_cfg.num_merges : 3200
2023-05-16 01:55:13,028 - INFO - joeynmt.helpers -   cfg.data.trg.tokenizer_cfg.codes : data/codes3200.bpe
2023-05-16 01:55:13,028 - INFO - joeynmt.helpers -              cfg.testing.beam_size : 5
2023-05-16 01:55:13,028 - INFO - joeynmt.helpers -             cfg.testing.beam_alpha : 1.0
2023-05-16 01:55:13,028 - INFO - joeynmt.helpers -           cfg.training.random_seed : 42
2023-05-16 01:55:13,028 - INFO - joeynmt.helpers -             cfg.training.optimizer : adam
2023-05-16 01:55:13,028 - INFO - joeynmt.helpers -         cfg.training.normalization : tokens
2023-05-16 01:55:13,028 - INFO - joeynmt.helpers -         cfg.training.learning_rate : 0.0003
2023-05-16 01:55:13,028 - INFO - joeynmt.helpers -            cfg.training.batch_size : 2048
2023-05-16 01:55:13,028 - INFO - joeynmt.helpers -            cfg.training.batch_type : token
2023-05-16 01:55:13,028 - INFO - joeynmt.helpers -       cfg.training.eval_batch_size : 1024
2023-05-16 01:55:13,028 - INFO - joeynmt.helpers -       cfg.training.eval_batch_type : token
2023-05-16 01:55:13,028 - INFO - joeynmt.helpers -            cfg.training.scheduling : plateau
2023-05-16 01:55:13,028 - INFO - joeynmt.helpers -              cfg.training.patience : 8
2023-05-16 01:55:13,028 - INFO - joeynmt.helpers -          cfg.training.weight_decay : 0.0
2023-05-16 01:55:13,028 - INFO - joeynmt.helpers -       cfg.training.decrease_factor : 0.7
2023-05-16 01:55:13,028 - INFO - joeynmt.helpers - cfg.training.early_stopping_metric : ppl
2023-05-16 01:55:13,028 - INFO - joeynmt.helpers -                cfg.training.epochs : 10
2023-05-16 01:55:13,028 - INFO - joeynmt.helpers -       cfg.training.validation_freq : 500
2023-05-16 01:55:13,028 - INFO - joeynmt.helpers -          cfg.training.logging_freq : 100
2023-05-16 01:55:13,028 - INFO - joeynmt.helpers -           cfg.training.eval_metric : ['bleu']
2023-05-16 01:55:13,028 - INFO - joeynmt.helpers -            cfg.training.model_name : deen_transformer_pre2
2023-05-16 01:55:13,028 - INFO - joeynmt.helpers -             cfg.training.model_dir : models/deen_transformer_pre2
2023-05-16 01:55:13,028 - INFO - joeynmt.helpers -             cfg.training.overwrite : False
2023-05-16 01:55:13,028 - INFO - joeynmt.helpers -               cfg.training.shuffle : True
2023-05-16 01:55:13,028 - INFO - joeynmt.helpers -              cfg.training.use_cuda : False
2023-05-16 01:55:13,028 - INFO - joeynmt.helpers -     cfg.training.max_output_length : 100
2023-05-16 01:55:13,028 - INFO - joeynmt.helpers -     cfg.training.print_valid_sents : [0, 1, 2, 3, 4]
2023-05-16 01:55:13,029 - INFO - joeynmt.helpers -       cfg.training.label_smoothing : 0.3
2023-05-16 01:55:13,029 - INFO - joeynmt.helpers -              cfg.model.initializer : xavier_uniform
2023-05-16 01:55:13,029 - INFO - joeynmt.helpers -         cfg.model.bias_initializer : zeros
2023-05-16 01:55:13,029 - INFO - joeynmt.helpers -                cfg.model.init_gain : 1.0
2023-05-16 01:55:13,029 - INFO - joeynmt.helpers -        cfg.model.embed_initializer : xavier_uniform
2023-05-16 01:55:13,029 - INFO - joeynmt.helpers -          cfg.model.embed_init_gain : 1.0
2023-05-16 01:55:13,029 - INFO - joeynmt.helpers -          cfg.model.tied_embeddings : True
2023-05-16 01:55:13,029 - INFO - joeynmt.helpers -             cfg.model.tied_softmax : True
2023-05-16 01:55:13,029 - INFO - joeynmt.helpers -             cfg.model.encoder.type : transformer
2023-05-16 01:55:13,029 - INFO - joeynmt.helpers -       cfg.model.encoder.num_layers : 4
2023-05-16 01:55:13,029 - INFO - joeynmt.helpers -        cfg.model.encoder.num_heads : 2
2023-05-16 01:55:13,029 - INFO - joeynmt.helpers - cfg.model.encoder.embeddings.embedding_dim : 256
2023-05-16 01:55:13,029 - INFO - joeynmt.helpers - cfg.model.encoder.embeddings.scale : True
2023-05-16 01:55:13,029 - INFO - joeynmt.helpers - cfg.model.encoder.embeddings.dropout : 0
2023-05-16 01:55:13,029 - INFO - joeynmt.helpers -      cfg.model.encoder.hidden_size : 256
2023-05-16 01:55:13,029 - INFO - joeynmt.helpers -          cfg.model.encoder.ff_size : 512
2023-05-16 01:55:13,029 - INFO - joeynmt.helpers -          cfg.model.encoder.dropout : 0
2023-05-16 01:55:13,029 - INFO - joeynmt.helpers -             cfg.model.decoder.type : transformer
2023-05-16 01:55:13,029 - INFO - joeynmt.helpers -       cfg.model.decoder.num_layers : 1
2023-05-16 01:55:13,029 - INFO - joeynmt.helpers -        cfg.model.decoder.num_heads : 2
2023-05-16 01:55:13,029 - INFO - joeynmt.helpers - cfg.model.decoder.embeddings.embedding_dim : 256
2023-05-16 01:55:13,029 - INFO - joeynmt.helpers - cfg.model.decoder.embeddings.scale : True
2023-05-16 01:55:13,029 - INFO - joeynmt.helpers - cfg.model.decoder.embeddings.dropout : 0
2023-05-16 01:55:13,029 - INFO - joeynmt.helpers -      cfg.model.decoder.hidden_size : 256
2023-05-16 01:55:13,029 - INFO - joeynmt.helpers -          cfg.model.decoder.ff_size : 512
2023-05-16 01:55:13,029 - INFO - joeynmt.helpers -          cfg.model.decoder.dropout : 0
2023-05-16 01:55:13,033 - INFO - joeynmt.data - Building tokenizer...
2023-05-16 01:55:13,042 - INFO - joeynmt.tokenizers - de tokenizer: SubwordNMTTokenizer(level=bpe, lowercase=False, normalize=False, filter_by_length=(-1, 100), pretokenizer=none, tokenizer=BPE, separator=@@, dropout=0.0)
2023-05-16 01:55:13,042 - INFO - joeynmt.tokenizers - en tokenizer: SubwordNMTTokenizer(level=bpe, lowercase=False, normalize=False, filter_by_length=(-1, 100), pretokenizer=none, tokenizer=BPE, separator=@@, dropout=0.0)
2023-05-16 01:55:13,042 - INFO - joeynmt.data - Loading train set...
2023-05-16 01:55:13,234 - INFO - joeynmt.data - Building vocabulary...
2023-05-16 01:55:13,393 - INFO - joeynmt.data - Loading dev set...
2023-05-16 01:55:13,395 - INFO - joeynmt.data - Loading test set...
2023-05-16 01:55:13,400 - INFO - joeynmt.data - Data loaded.
2023-05-16 01:55:13,400 - INFO - joeynmt.data - Train dataset: PlaintextDataset(split=train, len=100000, src_lang=de, trg_lang=en, has_trg=True, random_subset=-1)
2023-05-16 01:55:13,401 - INFO - joeynmt.data - Valid dataset: PlaintextDataset(split=dev, len=500, src_lang=de, trg_lang=en, has_trg=True, random_subset=-1)
2023-05-16 01:55:13,401 - INFO - joeynmt.data -  Test dataset: PlaintextDataset(split=test, len=2999, src_lang=de, trg_lang=en, has_trg=True, random_subset=-1)
2023-05-16 01:55:13,402 - INFO - joeynmt.data - First training example:
	[SRC] gem@@ ä@@ ß der vom Europäischen Parlament und von der gesam@@ ten Europäischen Union n@@ un@@ mehr ständi@@ g ver@@ tre@@ ten@@ en Lin@@ ie möchte ich Sie jedoch bit@@ ten , den gan@@ zen Ein@@ f@@ lu@@ ß Ih@@ res Am@@ tes und der Institu@@ tion , die Sie ver@@ treten , bei dem Prä@@ sident@@ schaf@@ ts@@ kan@@ di@@ d@@ aten und G@@ ou@@ ver@@ ne@@ ur von Tex@@ as , Ge@@ or@@ ge W@@ . B@@ us@@ h , der zur Aus@@ setzung der V@@ oll@@ stre@@ ck@@ ung des To@@ des@@ ur@@ teil@@ s und zur Be@@ gn@@ a@@ di@@ gung des Ver@@ ur@@ teil@@ ten be@@ fu@@ gt ist , gel@@ ten@@ d zu machen .
	[TRG] however , I would ask you , in acc@@ ord@@ ance with the line which is now con@@ st@@ ant@@ ly fol@@ low@@ ed by the European Parliament and by the whole of the European Community , to make represent@@ ations , using the wei@@ ght of your pres@@ ti@@ gi@@ ous off@@ ice and the institu@@ tion you re@@ present , to the President and to the Go@@ vern@@ or of Tex@@ as , Mr B@@ us@@ h , who has the power to order a stay of ex@@ ec@@ ution and to re@@ pri@@ e@@ ve the con@@ dem@@ ned per@@ son .
2023-05-16 01:55:13,402 - INFO - joeynmt.data - First 10 Src tokens: (0) <unk> (1) <pad> (2) <s> (3) </s> (4) , (5) . (6) the (7) in (8) die (9) der
2023-05-16 01:55:13,402 - INFO - joeynmt.data - First 10 Trg tokens: (0) <unk> (1) <pad> (2) <s> (3) </s> (4) , (5) . (6) the (7) in (8) die (9) der
2023-05-16 01:55:13,402 - INFO - joeynmt.data - Number of unique Src tokens (vocab_size): 4117
2023-05-16 01:55:13,402 - INFO - joeynmt.data - Number of unique Trg tokens (vocab_size): 4117
2023-05-16 01:55:13,404 - INFO - joeynmt.model - Building an encoder-decoder model...
2023-05-16 01:55:13,522 - INFO - joeynmt.model - Enc-dec model built.
2023-05-16 01:55:13,525 - INFO - joeynmt.model - Total params: 3953152
2023-05-16 01:55:13,525 - DEBUG - joeynmt.model - Trainable parameters: ['decoder.layers.0.dec_layer_norm.bias', 'decoder.layers.0.dec_layer_norm.weight', 'decoder.layers.0.feed_forward.layer_norm.bias', 'decoder.layers.0.feed_forward.layer_norm.weight', 'decoder.layers.0.feed_forward.pwff_layer.0.bias', 'decoder.layers.0.feed_forward.pwff_layer.0.weight', 'decoder.layers.0.feed_forward.pwff_layer.3.bias', 'decoder.layers.0.feed_forward.pwff_layer.3.weight', 'decoder.layers.0.src_trg_att.k_layer.bias', 'decoder.layers.0.src_trg_att.k_layer.weight', 'decoder.layers.0.src_trg_att.output_layer.bias', 'decoder.layers.0.src_trg_att.output_layer.weight', 'decoder.layers.0.src_trg_att.q_layer.bias', 'decoder.layers.0.src_trg_att.q_layer.weight', 'decoder.layers.0.src_trg_att.v_layer.bias', 'decoder.layers.0.src_trg_att.v_layer.weight', 'decoder.layers.0.trg_trg_att.k_layer.bias', 'decoder.layers.0.trg_trg_att.k_layer.weight', 'decoder.layers.0.trg_trg_att.output_layer.bias', 'decoder.layers.0.trg_trg_att.output_layer.weight', 'decoder.layers.0.trg_trg_att.q_layer.bias', 'decoder.layers.0.trg_trg_att.q_layer.weight', 'decoder.layers.0.trg_trg_att.v_layer.bias', 'decoder.layers.0.trg_trg_att.v_layer.weight', 'decoder.layers.0.x_layer_norm.bias', 'decoder.layers.0.x_layer_norm.weight', 'encoder.layers.0.feed_forward.layer_norm.bias', 'encoder.layers.0.feed_forward.layer_norm.weight', 'encoder.layers.0.feed_forward.pwff_layer.0.bias', 'encoder.layers.0.feed_forward.pwff_layer.0.weight', 'encoder.layers.0.feed_forward.pwff_layer.3.bias', 'encoder.layers.0.feed_forward.pwff_layer.3.weight', 'encoder.layers.0.layer_norm.bias', 'encoder.layers.0.layer_norm.weight', 'encoder.layers.0.src_src_att.k_layer.bias', 'encoder.layers.0.src_src_att.k_layer.weight', 'encoder.layers.0.src_src_att.output_layer.bias', 'encoder.layers.0.src_src_att.output_layer.weight', 'encoder.layers.0.src_src_att.q_layer.bias', 'encoder.layers.0.src_src_att.q_layer.weight', 'encoder.layers.0.src_src_att.v_layer.bias', 'encoder.layers.0.src_src_att.v_layer.weight', 'encoder.layers.1.feed_forward.layer_norm.bias', 'encoder.layers.1.feed_forward.layer_norm.weight', 'encoder.layers.1.feed_forward.pwff_layer.0.bias', 'encoder.layers.1.feed_forward.pwff_layer.0.weight', 'encoder.layers.1.feed_forward.pwff_layer.3.bias', 'encoder.layers.1.feed_forward.pwff_layer.3.weight', 'encoder.layers.1.layer_norm.bias', 'encoder.layers.1.layer_norm.weight', 'encoder.layers.1.src_src_att.k_layer.bias', 'encoder.layers.1.src_src_att.k_layer.weight', 'encoder.layers.1.src_src_att.output_layer.bias', 'encoder.layers.1.src_src_att.output_layer.weight', 'encoder.layers.1.src_src_att.q_layer.bias', 'encoder.layers.1.src_src_att.q_layer.weight', 'encoder.layers.1.src_src_att.v_layer.bias', 'encoder.layers.1.src_src_att.v_layer.weight', 'encoder.layers.2.feed_forward.layer_norm.bias', 'encoder.layers.2.feed_forward.layer_norm.weight', 'encoder.layers.2.feed_forward.pwff_layer.0.bias', 'encoder.layers.2.feed_forward.pwff_layer.0.weight', 'encoder.layers.2.feed_forward.pwff_layer.3.bias', 'encoder.layers.2.feed_forward.pwff_layer.3.weight', 'encoder.layers.2.layer_norm.bias', 'encoder.layers.2.layer_norm.weight', 'encoder.layers.2.src_src_att.k_layer.bias', 'encoder.layers.2.src_src_att.k_layer.weight', 'encoder.layers.2.src_src_att.output_layer.bias', 'encoder.layers.2.src_src_att.output_layer.weight', 'encoder.layers.2.src_src_att.q_layer.bias', 'encoder.layers.2.src_src_att.q_layer.weight', 'encoder.layers.2.src_src_att.v_layer.bias', 'encoder.layers.2.src_src_att.v_layer.weight', 'encoder.layers.3.feed_forward.layer_norm.bias', 'encoder.layers.3.feed_forward.layer_norm.weight', 'encoder.layers.3.feed_forward.pwff_layer.0.bias', 'encoder.layers.3.feed_forward.pwff_layer.0.weight', 'encoder.layers.3.feed_forward.pwff_layer.3.bias', 'encoder.layers.3.feed_forward.pwff_layer.3.weight', 'encoder.layers.3.layer_norm.bias', 'encoder.layers.3.layer_norm.weight', 'encoder.layers.3.src_src_att.k_layer.bias', 'encoder.layers.3.src_src_att.k_layer.weight', 'encoder.layers.3.src_src_att.output_layer.bias', 'encoder.layers.3.src_src_att.output_layer.weight', 'encoder.layers.3.src_src_att.q_layer.bias', 'encoder.layers.3.src_src_att.q_layer.weight', 'encoder.layers.3.src_src_att.v_layer.bias', 'encoder.layers.3.src_src_att.v_layer.weight', 'src_embed.lut.weight']
2023-05-16 01:55:13,525 - INFO - joeynmt.training - Model(
	encoder=TransformerEncoder(num_layers=4, num_heads=2, alpha=1.0, layer_norm="pre", activation=ReLU()),
	decoder=TransformerDecoder(num_layers=1, num_heads=2, alpha=1.0, layer_norm="post", activation=ReLU()),
	src_embed=Embeddings(embedding_dim=256, vocab_size=4117),
	trg_embed=Embeddings(embedding_dim=256, vocab_size=4117),
	loss_function=XentLoss(criterion=KLDivLoss(), smoothing=0.3))
2023-05-16 01:55:13,526 - INFO - joeynmt.builders - Adam(lr=0.0003, weight_decay=0.0, betas=(0.9, 0.999))
2023-05-16 01:55:13,526 - INFO - joeynmt.builders - ReduceLROnPlateau(mode=min, verbose=False, threshold_mode=abs, eps=0.0, factor=0.7, patience=8)
2023-05-16 01:55:13,526 - INFO - joeynmt.training - Train stats:
	device: cpu
	n_gpu: 0
	16-bits training: False
	gradient accumulation: 1
	batch size per device: 2048
	effective batch size (w. parallel & accumulation): 2048
2023-05-16 01:55:13,526 - INFO - joeynmt.training - EPOCH 1
2023-05-16 01:56:25,635 - INFO - joeynmt.training - Epoch   1, Step:      100, Batch Loss:     4.265429, Batch Acc: 0.051021, Tokens per Sec:     1276, Lr: 0.000300
2023-05-16 01:57:43,467 - INFO - joeynmt.training - Epoch   1, Step:      200, Batch Loss:     4.165976, Batch Acc: 0.082591, Tokens per Sec:     1185, Lr: 0.000300
